<?xml version="1.0" encoding="UTF-8"?>
<testsuite xmlns:xsi="http://www.w3.org/2001/XMLSchema-instance" xsi:noNamespaceSchemaLocation="https://maven.apache.org/surefire/maven-surefire-plugin/xsd/surefire-test-report.xsd" name="com.example.AppTest" time="64.319" tests="3" errors="0" skipped="0" failures="3">
  <properties>
[...]
</properties>
  <testcase name="TestCase1" classname="com.example.AppTest" time="0.29">
    <failure message="org/apache/logging/log4j/util/Lazy" type="java.lang.NoClassDefFoundError">java.lang.NoClassDefFoundError: org/apache/logging/log4j/util/Lazy
	at com.example.AppTest.TestCase1(AppTest.java:53)
Caused by: java.lang.ClassNotFoundException: org.apache.logging.log4j.util.Lazy
	at com.example.AppTest.TestCase1(AppTest.java:53)
</failure>
    <system-err><![CDATA[SLF4J(W): No SLF4J providers were found.
SLF4J(W): Defaulting to no-operation (NOP) logger implementation
SLF4J(W): See https://www.slf4j.org/codes.html#noProviders for further details.
Apr 26, 2024 6:29:10 PM org.openqa.selenium.devtools.CdpVersionFinder findNearestMatch
WARNING: Unable to find an exact match for CDP version 124, returning the closest version; found: 123; Please update to a Selenium version that supports CDP version 124
log4j:WARN No appenders could be found for logger (com.example.AppTest).
log4j:WARN Please initialize the log4j system properly.
log4j:WARN See http://logging.apache.org/log4j/1.2/faq.html#noconfig for more info.
]]></system-err>
  </testcase>
  <testcase name="TestCase2" classname="com.example.AppTest" time="10.965">
    <failure message="element click intercepted: Element &lt;a title=&quot;&quot; class=&quot; &quot; onclick=&quot;set_cookie(&apos;txlN2__Funny-Story/Emily-Henry_text&apos;);&quot; href=&quot;/w/funny-story-emily-henry/1143852959?ean=2940159543998&quot; product-title-plp=&quot;...&quot;&gt;Funny Story&lt;/a&gt; is not clickable at point (510, 503). Other element would receive the click: &lt;div id=&quot;onetrust-policy-text&quot;&gt;...&lt;/div&gt;&#10;  (Session info: chrome=124.0.6367.78)&#10;Build info: version: &apos;4.19.1&apos;, revision: &apos;abe0ee07dc&apos;&#10;System info: os.name: &apos;Windows 10&apos;, os.arch: &apos;amd64&apos;, os.version: &apos;10.0&apos;, java.version: &apos;21.0.2&apos;&#10;Driver info: org.openqa.selenium.chrome.ChromeDriver&#10;Command: [2594bd314d2c19b4f68cfbe48ba99440, clickElement {id=f.4A1A687EDFCFF09B927811EFE87748C3.d.50ED03CD6EB5DB13B01E1B2EEE222990.e.258}]&#10;Capabilities {acceptInsecureCerts: false, browserName: chrome, browserVersion: 124.0.6367.78, chrome: {chromedriverVersion: 124.0.6367.91 (51df0e5e17a8..., userDataDir: C:\Users\welcome\AppData\Lo...}, fedcm:accounts: true, goog:chromeOptions: {debuggerAddress: localhost:54306}, networkConnectionEnabled: false, pageLoadStrategy: normal, platformName: windows, proxy: Proxy(), se:cdp: ws://localhost:54306/devtoo..., se:cdpVersion: 124.0.6367.78, setWindowRect: true, strictFileInteractability: false, timeouts: {implicit: 0, pageLoad: 300000, script: 30000}, unhandledPromptBehavior: dismiss and notify, webauthn:extension:credBlob: true, webauthn:extension:largeBlob: true, webauthn:extension:minPinLength: true, webauthn:extension:prf: true, webauthn:virtualAuthenticators: true}&#10;Element: [[ChromeDriver: chrome on windows (2594bd314d2c19b4f68cfbe48ba99440)] -&gt; link text: Funny Story]&#10;Session ID: 2594bd314d2c19b4f68cfbe48ba99440" type="org.openqa.selenium.ElementClickInterceptedException"><![CDATA[org.openqa.selenium.ElementClickInterceptedException: 
element click intercepted: Element <a title="" class=" " onclick="set_cookie('txlN2__Funny-Story/Emily-Henry_text');" href="/w/funny-story-emily-henry/1143852959?ean=2940159543998" product-title-plp="...">Funny Story</a> is not clickable at point (510, 503). Other element would receive the click: <div id="onetrust-policy-text">...</div>
  (Session info: chrome=124.0.6367.78)
Build info: version: '4.19.1', revision: 'abe0ee07dc'
System info: os.name: 'Windows 10', os.arch: 'amd64', os.version: '10.0', java.version: '21.0.2'
Driver info: org.openqa.selenium.chrome.ChromeDriver
Command: [2594bd314d2c19b4f68cfbe48ba99440, clickElement {id=f.4A1A687EDFCFF09B927811EFE87748C3.d.50ED03CD6EB5DB13B01E1B2EEE222990.e.258}]
Capabilities {acceptInsecureCerts: false, browserName: chrome, browserVersion: 124.0.6367.78, chrome: {chromedriverVersion: 124.0.6367.91 (51df0e5e17a8..., userDataDir: C:\Users\welcome\AppData\Lo...}, fedcm:accounts: true, goog:chromeOptions: {debuggerAddress: localhost:54306}, networkConnectionEnabled: false, pageLoadStrategy: normal, platformName: windows, proxy: Proxy(), se:cdp: ws://localhost:54306/devtoo..., se:cdpVersion: 124.0.6367.78, setWindowRect: true, strictFileInteractability: false, timeouts: {implicit: 0, pageLoad: 300000, script: 30000}, unhandledPromptBehavior: dismiss and notify, webauthn:extension:credBlob: true, webauthn:extension:largeBlob: true, webauthn:extension:minPinLength: true, webauthn:extension:prf: true, webauthn:virtualAuthenticators: true}
Element: [[ChromeDriver: chrome on windows (2594bd314d2c19b4f68cfbe48ba99440)] -> link text: Funny Story]
Session ID: 2594bd314d2c19b4f68cfbe48ba99440
	at com.example.AppTest.TestCase2(AppTest.java:82)
]]></failure>
    <system-err><![CDATA[Apr 26, 2024 6:29:31 PM org.openqa.selenium.devtools.CdpVersionFinder findNearestMatch
WARNING: Unable to find an exact match for CDP version 124, returning the closest version; found: 123; Please update to a Selenium version that supports CDP version 124
]]></system-err>
  </testcase>
  <testcase name="TestCase3" classname="com.example.AppTest" time="11.688">
    <failure message="element click intercepted: Element &lt;span class=&quot;bnmembership&quot;&gt;&lt;/span&gt; is not clickable at point (545, 497). Other element would receive the click: &lt;div id=&quot;onetrust-policy-text&quot;&gt;...&lt;/div&gt;&#10;  (Session info: chrome=124.0.6367.78)&#10;Build info: version: &apos;4.19.1&apos;, revision: &apos;abe0ee07dc&apos;&#10;System info: os.name: &apos;Windows 10&apos;, os.arch: &apos;amd64&apos;, os.version: &apos;10.0&apos;, java.version: &apos;21.0.2&apos;&#10;Driver info: org.openqa.selenium.chrome.ChromeDriver&#10;Command: [6e73c1bf0508614a04722afd667cf8a3, clickElement {id=f.F512712B551F7BBC74DAA9C1F6112393.d.E1E4BDE192C54D6BB652AD7B07DB057E.e.109}]&#10;Capabilities {acceptInsecureCerts: false, browserName: chrome, browserVersion: 124.0.6367.78, chrome: {chromedriverVersion: 124.0.6367.91 (51df0e5e17a8..., userDataDir: C:\Users\welcome\AppData\Lo...}, fedcm:accounts: true, goog:chromeOptions: {debuggerAddress: localhost:54384}, networkConnectionEnabled: false, pageLoadStrategy: normal, platformName: windows, proxy: Proxy(), se:cdp: ws://localhost:54384/devtoo..., se:cdpVersion: 124.0.6367.78, setWindowRect: true, strictFileInteractability: false, timeouts: {implicit: 0, pageLoad: 300000, script: 30000}, unhandledPromptBehavior: dismiss and notify, webauthn:extension:credBlob: true, webauthn:extension:largeBlob: true, webauthn:extension:minPinLength: true, webauthn:extension:prf: true, webauthn:virtualAuthenticators: true}&#10;Element: [[ChromeDriver: chrome on windows (6e73c1bf0508614a04722afd667cf8a3)] -&gt; xpath: //*[@id=&apos;footer&apos;]/div/dd/div/div/div[1]/div/a[5]/span]&#10;Session ID: 6e73c1bf0508614a04722afd667cf8a3" type="org.openqa.selenium.ElementClickInterceptedException"><![CDATA[org.openqa.selenium.ElementClickInterceptedException: 
element click intercepted: Element <span class="bnmembership"></span> is not clickable at point (545, 497). Other element would receive the click: <div id="onetrust-policy-text">...</div>
  (Session info: chrome=124.0.6367.78)
Build info: version: '4.19.1', revision: 'abe0ee07dc'
System info: os.name: 'Windows 10', os.arch: 'amd64', os.version: '10.0', java.version: '21.0.2'
Driver info: org.openqa.selenium.chrome.ChromeDriver
Command: [6e73c1bf0508614a04722afd667cf8a3, clickElement {id=f.F512712B551F7BBC74DAA9C1F6112393.d.E1E4BDE192C54D6BB652AD7B07DB057E.e.109}]
Capabilities {acceptInsecureCerts: false, browserName: chrome, browserVersion: 124.0.6367.78, chrome: {chromedriverVersion: 124.0.6367.91 (51df0e5e17a8..., userDataDir: C:\Users\welcome\AppData\Lo...}, fedcm:accounts: true, goog:chromeOptions: {debuggerAddress: localhost:54384}, networkConnectionEnabled: false, pageLoadStrategy: normal, platformName: windows, proxy: Proxy(), se:cdp: ws://localhost:54384/devtoo..., se:cdpVersion: 124.0.6367.78, setWindowRect: true, strictFileInteractability: false, timeouts: {implicit: 0, pageLoad: 300000, script: 30000}, unhandledPromptBehavior: dismiss and notify, webauthn:extension:credBlob: true, webauthn:extension:largeBlob: true, webauthn:extension:minPinLength: true, webauthn:extension:prf: true, webauthn:virtualAuthenticators: true}
Element: [[ChromeDriver: chrome on windows (6e73c1bf0508614a04722afd667cf8a3)] -> xpath: //*[@id='footer']/div/dd/div/div/div[1]/div/a[5]/span]
Session ID: 6e73c1bf0508614a04722afd667cf8a3
	at com.example.AppTest.TestCase3(AppTest.java:98)
]]></failure>
    <system-err><![CDATA[Apr 26, 2024 6:29:55 PM org.openqa.selenium.devtools.CdpVersionFinder findNearestMatch
WARNING: Unable to find an exact match for CDP version 124, returning the closest version; found: 123; Please update to a Selenium version that supports CDP version 124
]]></system-err>
  </testcase>
</testsuite>